Start pack to DataLoader... Done!
Start training...
/home/chiaohao/.local/lib/python3.5/site-packages/skimage/transform/_warps.py:84: UserWarning: The default mode, 'constant', will be changed to 'reflect' in skimage 0.15.
  warn("The default mode, 'constant', will be changed to 'reflect' in "
Epoch: 1, Avg_Epoch_Time: 31.0605, LossD: 0.4527, LossG: 2.7180
Epoch: 2, Avg_Epoch_Time: 31.3860, LossD: 0.1586, LossG: 3.9230
Epoch: 3, Avg_Epoch_Time: 31.2353, LossD: 1.6970, LossG: 0.7245
Epoch: 4, Avg_Epoch_Time: 31.4985, LossD: 1.3494, LossG: 1.1324
Epoch: 5, Avg_Epoch_Time: 29.7479, LossD: 0.9352, LossG: 2.1833
Epoch: 6, Avg_Epoch_Time: 31.3303, LossD: 1.2749, LossG: 1.1198
Epoch: 7, Avg_Epoch_Time: 31.4784, LossD: 1.4836, LossG: 1.4995
Epoch: 8, Avg_Epoch_Time: 31.2482, LossD: 1.0188, LossG: 3.0055
Epoch: 9, Avg_Epoch_Time: 31.5081, LossD: 0.8694, LossG: 1.4240
Epoch: 10, Avg_Epoch_Time: 31.2601, LossD: 0.9743, LossG: 1.5918
Epoch: 11, Avg_Epoch_Time: 30.9067, LossD: 0.6752, LossG: 1.8125
Epoch: 12, Avg_Epoch_Time: 31.6951, LossD: 0.6923, LossG: 2.4793
Epoch: 13, Avg_Epoch_Time: 30.8721, LossD: 1.9269, LossG: 1.0050
Epoch: 14, Avg_Epoch_Time: 31.3970, LossD: 1.1950, LossG: 0.7051
Epoch: 15, Avg_Epoch_Time: 31.1767, LossD: 1.2127, LossG: 1.3522
Epoch: 16, Avg_Epoch_Time: 31.3259, LossD: 0.9073, LossG: 2.0455
Epoch: 17, Avg_Epoch_Time: 31.2093, LossD: 1.0018, LossG: 0.9819
Epoch: 18, Avg_Epoch_Time: 30.0563, LossD: 0.6882, LossG: 2.1318
Epoch: 19, Avg_Epoch_Time: 31.0935, LossD: 0.9337, LossG: 1.2871
Epoch: 20, Avg_Epoch_Time: 31.3924, LossD: 0.8557, LossG: 0.8324
Epoch: 21, Avg_Epoch_Time: 31.0996, LossD: 0.7786, LossG: 1.8564
Epoch: 22, Avg_Epoch_Time: 31.1294, LossD: 1.4765, LossG: 3.0450
Epoch: 23, Avg_Epoch_Time: 31.4218, LossD: 0.9240, LossG: 3.2228
Epoch: 24, Avg_Epoch_Time: 31.0566, LossD: 1.5671, LossG: 0.4157
Epoch: 25, Avg_Epoch_Time: 31.2271, LossD: 1.4463, LossG: 5.3046
Epoch: 26, Avg_Epoch_Time: 31.0247, LossD: 0.7940, LossG: 1.5357
Epoch: 27, Avg_Epoch_Time: 31.2264, LossD: 0.4171, LossG: 1.8260
Epoch: 28, Avg_Epoch_Time: 31.3320, LossD: 0.9962, LossG: 1.0532
Epoch: 29, Avg_Epoch_Time: 30.9383, LossD: 1.3521, LossG: 0.3937
Epoch: 30, Avg_Epoch_Time: 30.0240, LossD: 0.6371, LossG: 2.4325
Epoch: 31, Avg_Epoch_Time: 30.8383, LossD: 0.3948, LossG: 2.1556
Epoch: 32, Avg_Epoch_Time: 31.4453, LossD: 0.6219, LossG: 3.4100
Epoch: 33, Avg_Epoch_Time: 31.1288, LossD: 0.7886, LossG: 1.7450
Epoch: 34, Avg_Epoch_Time: 31.2154, LossD: 0.8208, LossG: 2.1975
Epoch: 35, Avg_Epoch_Time: 31.5480, LossD: 0.9053, LossG: 3.5310
Epoch: 36, Avg_Epoch_Time: 31.3951, LossD: 0.5848, LossG: 1.5064
Epoch: 37, Avg_Epoch_Time: 31.8472, LossD: 0.4640, LossG: 3.5711
Epoch: 38, Avg_Epoch_Time: 31.3783, LossD: 0.8035, LossG: 4.5497
Epoch: 39, Avg_Epoch_Time: 31.4291, LossD: 0.9778, LossG: 0.9293
Epoch: 40, Avg_Epoch_Time: 31.2137, LossD: 0.7277, LossG: 3.7508
Epoch: 41, Avg_Epoch_Time: 31.7180, LossD: 0.6403, LossG: 2.9995
Epoch: 42, Avg_Epoch_Time: 31.3597, LossD: 0.5356, LossG: 1.8228
Epoch: 43, Avg_Epoch_Time: 29.6439, LossD: 0.2612, LossG: 2.6522
Epoch: 44, Avg_Epoch_Time: 31.4946, LossD: 0.4739, LossG: 2.7153
Epoch: 45, Avg_Epoch_Time: 31.2420, LossD: 0.4032, LossG: 2.8666
Epoch: 46, Avg_Epoch_Time: 30.9035, LossD: 0.2578, LossG: 3.8238
Epoch: 47, Avg_Epoch_Time: 31.6485, LossD: 0.4983, LossG: 1.5527
Epoch: 48, Avg_Epoch_Time: 31.4718, LossD: 0.2842, LossG: 2.2047
Epoch: 49, Avg_Epoch_Time: 30.9255, LossD: 0.3525, LossG: 2.3799
Epoch: 50, Avg_Epoch_Time: 31.4023, LossD: 0.4569, LossG: 1.4994
Traceback (most recent call last):
  File "train_gan.py", line 214, in <module>
    trainIters(generator, discriminator, optimizerG, optimizerD, criterion, train_loader)
  File "train_gan.py", line 196, in trainIters
    save_imgs(_generator, iter)
  File "train_gan.py", line 45, in save_imgs
    fig.savefig("output_imgs/output_%d.png" % _iter)
  File "/home/chiaohao/.local/lib/python3.5/site-packages/matplotlib/figure.py", line 2035, in savefig
    self.canvas.print_figure(fname, **kwargs)
  File "/home/chiaohao/.local/lib/python3.5/site-packages/matplotlib/backend_bases.py", line 2263, in print_figure
    **kwargs)
  File "/home/chiaohao/.local/lib/python3.5/site-packages/matplotlib/backends/backend_agg.py", line 526, in print_png
    with cbook.open_file_cm(filename_or_obj, "wb") as fh:
  File "/usr/lib/python3.5/contextlib.py", line 59, in __enter__
    return next(self.gen)
  File "/home/chiaohao/.local/lib/python3.5/site-packages/matplotlib/cbook/__init__.py", line 624, in open_file_cm
    fh, opened = to_filehandle(path_or_file, mode, True, encoding)
  File "/home/chiaohao/.local/lib/python3.5/site-packages/matplotlib/cbook/__init__.py", line 609, in to_filehandle
    fh = io.open(fname, flag, encoding=encoding)
FileNotFoundError: [Errno 2] No such file or directory: 'output_imgs/output_50.png'
Start pack to DataLoader... Done!
Start training...
/home/chiaohao/.local/lib/python3.5/site-packages/skimage/transform/_warps.py:84: UserWarning: The default mode, 'constant', will be changed to 'reflect' in skimage 0.15.
  warn("The default mode, 'constant', will be changed to 'reflect' in "
Epoch: 1, Avg_Epoch_Time: 100.0358, LossD: 0.4952, LossG: 3.7244
Epoch: 2, Avg_Epoch_Time: 98.6981, LossD: 0.1625, LossG: 4.0240
Epoch: 3, Avg_Epoch_Time: 98.0935, LossD: 0.0221, LossG: 5.1854
Epoch: 4, Avg_Epoch_Time: 98.7160, LossD: 0.0116, LossG: 5.9741
Epoch: 5, Avg_Epoch_Time: 98.3884, LossD: 0.3732, LossG: 1.6392
Epoch: 6, Avg_Epoch_Time: 98.6666, LossD: 0.6969, LossG: 2.9652
Epoch: 7, Avg_Epoch_Time: 98.3758, LossD: 0.4197, LossG: 2.8369
Epoch: 8, Avg_Epoch_Time: 98.3470, LossD: 0.6627, LossG: 2.2899
Epoch: 9, Avg_Epoch_Time: 98.1662, LossD: 0.8030, LossG: 1.9678
Epoch: 10, Avg_Epoch_Time: 98.2761, LossD: 0.9192, LossG: 2.0170
Epoch: 11, Avg_Epoch_Time: 96.7632, LossD: 0.9542, LossG: 1.5744
Epoch: 12, Avg_Epoch_Time: 98.4580, LossD: 0.9974, LossG: 2.3422
Epoch: 13, Avg_Epoch_Time: 98.2265, LossD: 0.8828, LossG: 1.5504
Epoch: 14, Avg_Epoch_Time: 98.4270, LossD: 0.7965, LossG: 1.9942
Epoch: 15, Avg_Epoch_Time: 98.3854, LossD: 1.1625, LossG: 1.3348
Epoch: 16, Avg_Epoch_Time: 98.4103, LossD: 0.9020, LossG: 2.5587
Epoch: 17, Avg_Epoch_Time: 98.3918, LossD: 0.8461, LossG: 3.9634
Epoch: 18, Avg_Epoch_Time: 98.4932, LossD: 0.4764, LossG: 2.1893
Epoch: 19, Avg_Epoch_Time: 98.2182, LossD: 0.8778, LossG: 1.9907
Epoch: 20, Avg_Epoch_Time: 98.5423, LossD: 1.3107, LossG: 2.3095
Epoch: 21, Avg_Epoch_Time: 96.9045, LossD: 0.9741, LossG: 3.9868
Epoch: 22, Avg_Epoch_Time: 98.2807, LossD: 0.7161, LossG: 2.7824
Epoch: 23, Avg_Epoch_Time: 97.9562, LossD: 0.9942, LossG: 1.2896
Epoch: 24, Avg_Epoch_Time: 98.5002, LossD: 1.1754, LossG: 1.2370
Epoch: 25, Avg_Epoch_Time: 98.2704, LossD: 1.2727, LossG: 0.5102
Epoch: 26, Avg_Epoch_Time: 98.2973, LossD: 0.4582, LossG: 2.1210
Epoch: 27, Avg_Epoch_Time: 98.2560, LossD: 0.4117, LossG: 2.3054
Epoch: 28, Avg_Epoch_Time: 98.4144, LossD: 0.6930, LossG: 3.6185
Epoch: 29, Avg_Epoch_Time: 98.1806, LossD: 1.3903, LossG: 1.7009
Epoch: 30, Avg_Epoch_Time: 98.2495, LossD: 1.0923, LossG: 3.3531
Epoch: 31, Avg_Epoch_Time: 96.9504, LossD: 0.6052, LossG: 2.2369
Epoch: 32, Avg_Epoch_Time: 98.5407, LossD: 0.6515, LossG: 2.6569
Epoch: 33, Avg_Epoch_Time: 98.3133, LossD: 1.5299, LossG: 6.1298
Epoch: 34, Avg_Epoch_Time: 98.4914, LossD: 0.5049, LossG: 2.5914
Epoch: 35, Avg_Epoch_Time: 98.3512, LossD: 0.3692, LossG: 2.6827
Epoch: 36, Avg_Epoch_Time: 98.2526, LossD: 2.4808, LossG: 0.4444
Epoch: 37, Avg_Epoch_Time: 98.1476, LossD: 0.3866, LossG: 2.8987
Epoch: 38, Avg_Epoch_Time: 98.4495, LossD: 0.5463, LossG: 2.1243
Epoch: 39, Avg_Epoch_Time: 98.2495, LossD: 0.4233, LossG: 2.4158
Epoch: 40, Avg_Epoch_Time: 98.5333, LossD: 0.6042, LossG: 1.9220
Epoch: 41, Avg_Epoch_Time: 96.8847, LossD: 1.3979, LossG: 4.1521
Epoch: 42, Avg_Epoch_Time: 98.5283, LossD: 0.5527, LossG: 4.6228
Epoch: 43, Avg_Epoch_Time: 97.9796, LossD: 0.8496, LossG: 4.0926
Epoch: 44, Avg_Epoch_Time: 98.0746, LossD: 0.4728, LossG: 1.4710
Epoch: 45, Avg_Epoch_Time: 98.4964, LossD: 0.9319, LossG: 1.0118
Epoch: 46, Avg_Epoch_Time: 98.3055, LossD: 0.3491, LossG: 3.1477
Epoch: 47, Avg_Epoch_Time: 98.6381, LossD: 0.5982, LossG: 1.9352
Epoch: 48, Avg_Epoch_Time: 98.2178, LossD: 1.4323, LossG: 0.3454
Epoch: 49, Avg_Epoch_Time: 98.2907, LossD: 1.5052, LossG: 0.8051
Epoch: 50, Avg_Epoch_Time: 98.2852, LossD: 0.6583, LossG: 1.9186
Epoch: 51, Avg_Epoch_Time: 97.2647, LossD: 0.5613, LossG: 2.5264
Epoch: 52, Avg_Epoch_Time: 98.2931, LossD: 1.1060, LossG: 0.3220
Epoch: 53, Avg_Epoch_Time: 98.4724, LossD: 0.2601, LossG: 2.6077
Epoch: 54, Avg_Epoch_Time: 98.3512, LossD: 5.7944, LossG: 1.4535
Epoch: 55, Avg_Epoch_Time: 98.5520, LossD: 0.7762, LossG: 4.6822
Epoch: 56, Avg_Epoch_Time: 98.0268, LossD: 0.6443, LossG: 1.5855
Epoch: 57, Avg_Epoch_Time: 98.5044, LossD: 1.1453, LossG: 1.9027
Epoch: 58, Avg_Epoch_Time: 98.2646, LossD: 1.2243, LossG: 6.4046
Epoch: 59, Avg_Epoch_Time: 98.3314, LossD: 0.6087, LossG: 2.2812
Epoch: 60, Avg_Epoch_Time: 98.3443, LossD: 0.2760, LossG: 3.9445
Epoch: 61, Avg_Epoch_Time: 97.0953, LossD: 0.3544, LossG: 2.9042
Epoch: 62, Avg_Epoch_Time: 97.9960, LossD: 1.8649, LossG: 0.1946
Epoch: 63, Avg_Epoch_Time: 98.4274, LossD: 0.3035, LossG: 2.4674
Epoch: 64, Avg_Epoch_Time: 98.1765, LossD: 0.4541, LossG: 2.4794
Epoch: 65, Avg_Epoch_Time: 98.3610, LossD: 0.7601, LossG: 2.0526
Epoch: 66, Avg_Epoch_Time: 98.2642, LossD: 0.3326, LossG: 3.9445
Epoch: 67, Avg_Epoch_Time: 98.7069, LossD: 0.4958, LossG: 5.3524
Epoch: 68, Avg_Epoch_Time: 98.2656, LossD: 0.2890, LossG: 3.1361
Epoch: 69, Avg_Epoch_Time: 98.2501, LossD: 1.6825, LossG: 1.5843
Epoch: 70, Avg_Epoch_Time: 98.3110, LossD: 0.9136, LossG: 4.6416
Epoch: 71, Avg_Epoch_Time: 97.1072, LossD: 0.4710, LossG: 1.5738
Epoch: 72, Avg_Epoch_Time: 98.2668, LossD: 0.5141, LossG: 1.5794
Epoch: 73, Avg_Epoch_Time: 98.2957, LossD: 0.8976, LossG: 0.8897
Epoch: 74, Avg_Epoch_Time: 98.2264, LossD: 0.3755, LossG: 2.4249
Epoch: 75, Avg_Epoch_Time: 98.1655, LossD: 0.5217, LossG: 1.4016
Epoch: 76, Avg_Epoch_Time: 98.3831, LossD: 0.2866, LossG: 2.1437
Epoch: 77, Avg_Epoch_Time: 98.5187, LossD: 0.8506, LossG: 1.0966
Epoch: 78, Avg_Epoch_Time: 98.2522, LossD: 0.8169, LossG: 0.3728
Epoch: 79, Avg_Epoch_Time: 98.3714, LossD: 0.1620, LossG: 3.8616
Epoch: 80, Avg_Epoch_Time: 98.1162, LossD: 0.5620, LossG: 2.8408
Epoch: 81, Avg_Epoch_Time: 97.1431, LossD: 0.4338, LossG: 1.9585
Epoch: 82, Avg_Epoch_Time: 98.1776, LossD: 0.2665, LossG: 3.5882
Epoch: 83, Avg_Epoch_Time: 98.5299, LossD: 0.4545, LossG: 2.1411
Epoch: 84, Avg_Epoch_Time: 98.4632, LossD: 0.6852, LossG: 1.1221
Epoch: 85, Avg_Epoch_Time: 98.5014, LossD: 0.7264, LossG: 1.2859
Epoch: 86, Avg_Epoch_Time: 98.1705, LossD: 0.6015, LossG: 5.1296
Epoch: 87, Avg_Epoch_Time: 98.5488, LossD: 0.2760, LossG: 2.7358
Epoch: 88, Avg_Epoch_Time: 98.1616, LossD: 0.5366, LossG: 1.7925
Epoch: 89, Avg_Epoch_Time: 98.2257, LossD: 0.3284, LossG: 2.6442
Epoch: 90, Avg_Epoch_Time: 98.4504, LossD: 0.3889, LossG: 2.0199
Epoch: 91, Avg_Epoch_Time: 96.9230, LossD: 0.6997, LossG: 4.0437
Epoch: 92, Avg_Epoch_Time: 98.4866, LossD: 0.6745, LossG: 2.6547
Epoch: 93, Avg_Epoch_Time: 98.6644, LossD: 0.3026, LossG: 4.5154
Epoch: 94, Avg_Epoch_Time: 98.7858, LossD: 0.4360, LossG: 4.7443
Epoch: 95, Avg_Epoch_Time: 98.0879, LossD: 0.6830, LossG: 5.7234
Epoch: 96, Avg_Epoch_Time: 98.6798, LossD: 0.5520, LossG: 3.7636
Epoch: 97, Avg_Epoch_Time: 98.2598, LossD: 0.2177, LossG: 3.1694
Epoch: 98, Avg_Epoch_Time: 98.8873, LossD: 0.3796, LossG: 1.9166
Epoch: 99, Avg_Epoch_Time: 98.6340, LossD: 0.2417, LossG: 3.5105
Epoch: 100, Avg_Epoch_Time: 99.2048, LossD: 0.1948, LossG: 3.2924
Epoch: 101, Avg_Epoch_Time: 98.6912, LossD: 0.9390, LossG: 0.9599
Epoch: 102, Avg_Epoch_Time: 98.9851, LossD: 0.5731, LossG: 6.9989
Epoch: 103, Avg_Epoch_Time: 97.3276, LossD: 0.3226, LossG: 2.8028
Epoch: 104, Avg_Epoch_Time: 99.0856, LossD: 1.0065, LossG: 4.8354
Epoch: 105, Avg_Epoch_Time: 98.6949, LossD: 0.8826, LossG: 7.5439
Epoch: 106, Avg_Epoch_Time: 99.0636, LossD: 0.1545, LossG: 3.7386
Epoch: 107, Avg_Epoch_Time: 98.6914, LossD: 1.3687, LossG: 4.8967
Epoch: 108, Avg_Epoch_Time: 98.9578, LossD: 1.0059, LossG: 7.1839
Epoch: 109, Avg_Epoch_Time: 98.9420, LossD: 0.2152, LossG: 3.0722
Epoch: 110, Avg_Epoch_Time: 99.3002, LossD: 0.1743, LossG: 3.4500
Epoch: 111, Avg_Epoch_Time: 98.7649, LossD: 0.7525, LossG: 5.0320
Epoch: 112, Avg_Epoch_Time: 99.2563, LossD: 0.3306, LossG: 3.5908
Epoch: 113, Avg_Epoch_Time: 98.9093, LossD: 0.5579, LossG: 2.4347
Epoch: 114, Avg_Epoch_Time: 98.8994, LossD: 0.2121, LossG: 2.8802
Epoch: 115, Avg_Epoch_Time: 97.5301, LossD: 1.1324, LossG: 1.3993
Epoch: 116, Avg_Epoch_Time: 98.8172, LossD: 0.5227, LossG: 1.6674
Epoch: 117, Avg_Epoch_Time: 99.1343, LossD: 0.9574, LossG: 0.3181
Epoch: 118, Avg_Epoch_Time: 98.8725, LossD: 0.5057, LossG: 6.4373
Epoch: 119, Avg_Epoch_Time: 99.0377, LossD: 1.2031, LossG: 2.6949
Epoch: 120, Avg_Epoch_Time: 98.7249, LossD: 0.6435, LossG: 1.4359
Epoch: 121, Avg_Epoch_Time: 99.1234, LossD: 0.5351, LossG: 1.7796
Epoch: 122, Avg_Epoch_Time: 98.6887, LossD: 0.7354, LossG: 2.5900
Epoch: 123, Avg_Epoch_Time: 98.9575, LossD: 1.1987, LossG: 0.2340
Epoch: 124, Avg_Epoch_Time: 98.7463, LossD: 1.0039, LossG: 4.6278
Epoch: 125, Avg_Epoch_Time: 99.2329, LossD: 0.1897, LossG: 4.8986
Epoch: 126, Avg_Epoch_Time: 98.7076, LossD: 0.2085, LossG: 3.5551
Epoch: 127, Avg_Epoch_Time: 97.7703, LossD: 1.1661, LossG: 4.5923
Epoch: 128, Avg_Epoch_Time: 98.6645, LossD: 2.0053, LossG: 4.0387
Epoch: 129, Avg_Epoch_Time: 99.1500, LossD: 0.2055, LossG: 3.2464
Epoch: 130, Avg_Epoch_Time: 98.5108, LossD: 1.1500, LossG: 0.7683
Epoch: 131, Avg_Epoch_Time: 99.1838, LossD: 0.3366, LossG: 5.1183
Epoch: 132, Avg_Epoch_Time: 98.6957, LossD: 1.9105, LossG: 1.7406
Epoch: 133, Avg_Epoch_Time: 98.9830, LossD: 0.4969, LossG: 4.6331
Epoch: 134, Avg_Epoch_Time: 98.5677, LossD: 0.7586, LossG: 1.0621
Epoch: 135, Avg_Epoch_Time: 98.9645, LossD: 0.8351, LossG: 0.5295
Epoch: 136, Avg_Epoch_Time: 98.6414, LossD: 1.4582, LossG: 6.6063
Epoch: 137, Avg_Epoch_Time: 98.4446, LossD: 0.2198, LossG: 3.0175
Epoch: 138, Avg_Epoch_Time: 99.0012, LossD: 0.3605, LossG: 3.1170
Epoch: 139, Avg_Epoch_Time: 97.3370, LossD: 0.2230, LossG: 3.7562
Epoch: 140, Avg_Epoch_Time: 99.0834, LossD: 0.2544, LossG: 1.9341
Epoch: 141, Avg_Epoch_Time: 98.7196, LossD: 2.6060, LossG: 7.7803
Epoch: 142, Avg_Epoch_Time: 98.8130, LossD: 0.3909, LossG: 1.6276
Epoch: 143, Avg_Epoch_Time: 98.7358, LossD: 0.2033, LossG: 3.7693
Epoch: 144, Avg_Epoch_Time: 98.8803, LossD: 0.3800, LossG: 2.1669
Epoch: 145, Avg_Epoch_Time: 98.4584, LossD: 0.4357, LossG: 4.3399
Epoch: 146, Avg_Epoch_Time: 99.1647, LossD: 0.3741, LossG: 1.8326
Epoch: 147, Avg_Epoch_Time: 98.8451, LossD: 0.1994, LossG: 3.4571
Epoch: 148, Avg_Epoch_Time: 99.0661, LossD: 1.8998, LossG: 7.6202
Epoch: 149, Avg_Epoch_Time: 98.7301, LossD: 0.3613, LossG: 4.4082
Epoch: 150, Avg_Epoch_Time: 99.0454, LossD: 1.4439, LossG: 0.6661
Epoch: 151, Avg_Epoch_Time: 97.3142, LossD: 0.5839, LossG: 1.6558
Epoch: 152, Avg_Epoch_Time: 99.1771, LossD: 0.2385, LossG: 2.7081
Epoch: 153, Avg_Epoch_Time: 98.8641, LossD: 0.2960, LossG: 5.0270
Epoch: 154, Avg_Epoch_Time: 99.0112, LossD: 0.3090, LossG: 2.9972
Epoch: 155, Avg_Epoch_Time: 98.7742, LossD: 0.7503, LossG: 7.3977
Epoch: 156, Avg_Epoch_Time: 98.8630, LossD: 1.0102, LossG: 0.5487
Epoch: 157, Avg_Epoch_Time: 98.4955, LossD: 0.3549, LossG: 2.9049
Epoch: 158, Avg_Epoch_Time: 98.6618, LossD: 0.1335, LossG: 3.1607
Epoch: 159, Avg_Epoch_Time: 98.9472, LossD: 1.9994, LossG: 0.6888
Epoch: 160, Avg_Epoch_Time: 98.8555, LossD: 0.3431, LossG: 1.7708
Epoch: 161, Avg_Epoch_Time: 98.8216, LossD: 0.6782, LossG: 1.1282
Epoch: 162, Avg_Epoch_Time: 98.8895, LossD: 0.4062, LossG: 1.1339
Epoch: 163, Avg_Epoch_Time: 97.8156, LossD: 0.2456, LossG: 4.8973
Epoch: 164, Avg_Epoch_Time: 98.8331, LossD: 0.1967, LossG: 3.8472
Epoch: 165, Avg_Epoch_Time: 98.7354, LossD: 0.0960, LossG: 3.3311
Epoch: 166, Avg_Epoch_Time: 98.5342, LossD: 0.5318, LossG: 6.1917
Epoch: 167, Avg_Epoch_Time: 98.8304, LossD: 0.1196, LossG: 3.8588
Epoch: 168, Avg_Epoch_Time: 98.8222, LossD: 0.0870, LossG: 4.2619
Epoch: 169, Avg_Epoch_Time: 99.0739, LossD: 0.2091, LossG: 3.1243
Epoch: 170, Avg_Epoch_Time: 99.0292, LossD: 0.2780, LossG: 4.1400
Epoch: 171, Avg_Epoch_Time: 98.9533, LossD: 0.3362, LossG: 1.5611
Epoch: 172, Avg_Epoch_Time: 98.3553, LossD: 0.8863, LossG: 3.4149
Epoch: 173, Avg_Epoch_Time: 99.1510, LossD: 1.5843, LossG: 0.3947
Epoch: 174, Avg_Epoch_Time: 98.8464, LossD: 0.0668, LossG: 4.5051
Epoch: 175, Avg_Epoch_Time: 97.6935, LossD: 0.7701, LossG: 4.2620
Epoch: 176, Avg_Epoch_Time: 98.9891, LossD: 0.2242, LossG: 3.4656
Epoch: 177, Avg_Epoch_Time: 99.2867, LossD: 0.1441, LossG: 2.8785
Epoch: 178, Avg_Epoch_Time: 98.9261, LossD: 0.0934, LossG: 3.7893
Epoch: 179, Avg_Epoch_Time: 98.7480, LossD: 0.1820, LossG: 4.6566
Epoch: 180, Avg_Epoch_Time: 98.7800, LossD: 0.2845, LossG: 0.6287
Epoch: 181, Avg_Epoch_Time: 98.3863, LossD: 0.6486, LossG: 2.2606
Epoch: 182, Avg_Epoch_Time: 98.9745, LossD: 0.8707, LossG: 1.1825
Epoch: 183, Avg_Epoch_Time: 98.6224, LossD: 1.0401, LossG: 1.1516
Epoch: 184, Avg_Epoch_Time: 99.0756, LossD: 0.2408, LossG: 3.4687
Epoch: 185, Avg_Epoch_Time: 98.8059, LossD: 0.5132, LossG: 3.8862
Epoch: 186, Avg_Epoch_Time: 98.8872, LossD: 0.1348, LossG: 2.9808
Epoch: 187, Avg_Epoch_Time: 97.2672, LossD: 0.1913, LossG: 3.8364
Epoch: 188, Avg_Epoch_Time: 99.0510, LossD: 0.2272, LossG: 2.9843
Epoch: 189, Avg_Epoch_Time: 98.6705, LossD: 0.1008, LossG: 4.7253
Epoch: 190, Avg_Epoch_Time: 98.8813, LossD: 0.8226, LossG: 2.9720
Epoch: 191, Avg_Epoch_Time: 98.7552, LossD: 0.1384, LossG: 3.6769
Epoch: 192, Avg_Epoch_Time: 98.9775, LossD: 0.2213, LossG: 3.1154
Epoch: 193, Avg_Epoch_Time: 98.7245, LossD: 0.0844, LossG: 4.0146
Epoch: 194, Avg_Epoch_Time: 98.9586, LossD: 1.4840, LossG: 0.8793
Epoch: 195, Avg_Epoch_Time: 98.8312, LossD: 0.6041, LossG: 3.6439
Epoch: 196, Avg_Epoch_Time: 98.9470, LossD: 0.4215, LossG: 5.4102
Epoch: 197, Avg_Epoch_Time: 98.4393, LossD: 0.2196, LossG: 2.6368
Epoch: 198, Avg_Epoch_Time: 99.0450, LossD: 2.4505, LossG: 0.7584
Epoch: 199, Avg_Epoch_Time: 97.6793, LossD: 0.7515, LossG: 2.1135
Epoch: 200, Avg_Epoch_Time: 99.2330, LossD: 0.5776, LossG: 2.8513
Epoch: 201, Avg_Epoch_Time: 98.6336, LossD: 0.6891, LossG: 0.8580
Epoch: 202, Avg_Epoch_Time: 98.7348, LossD: 1.2800, LossG: 8.4526
Epoch: 203, Avg_Epoch_Time: 99.0543, LossD: 0.8091, LossG: 3.8288
Epoch: 204, Avg_Epoch_Time: 98.9087, LossD: 1.1243, LossG: 4.2553
Epoch: 205, Avg_Epoch_Time: 99.0547, LossD: 0.2656, LossG: 5.4035
Epoch: 206, Avg_Epoch_Time: 98.7902, LossD: 0.1498, LossG: 3.0711
Epoch: 207, Avg_Epoch_Time: 99.1004, LossD: 0.4829, LossG: 0.8211
Epoch: 208, Avg_Epoch_Time: 98.4649, LossD: 0.4240, LossG: 4.2514
Epoch: 209, Avg_Epoch_Time: 98.9976, LossD: 0.7690, LossG: 8.3231
Epoch: 210, Avg_Epoch_Time: 98.8411, LossD: 0.6697, LossG: 5.3052
Epoch: 211, Avg_Epoch_Time: 99.1816, LossD: 1.2021, LossG: 4.3675
Epoch: 212, Avg_Epoch_Time: 97.5094, LossD: 0.9868, LossG: 6.1385
Epoch: 213, Avg_Epoch_Time: 99.0478, LossD: 0.2892, LossG: 2.5391
Epoch: 214, Avg_Epoch_Time: 98.8339, LossD: 0.2254, LossG: 4.2049
Epoch: 215, Avg_Epoch_Time: 98.9123, LossD: 0.0546, LossG: 3.6951
Epoch: 216, Avg_Epoch_Time: 98.8522, LossD: 2.8234, LossG: 0.6843
Epoch: 217, Avg_Epoch_Time: 99.1400, LossD: 0.1462, LossG: 2.3593
Epoch: 218, Avg_Epoch_Time: 98.6650, LossD: 0.0464, LossG: 4.3532
Epoch: 219, Avg_Epoch_Time: 98.7078, LossD: 0.4291, LossG: 4.0980
Epoch: 220, Avg_Epoch_Time: 98.8787, LossD: 0.0607, LossG: 4.7437
Epoch: 221, Avg_Epoch_Time: 99.0646, LossD: 0.5981, LossG: 2.9353
Epoch: 222, Avg_Epoch_Time: 98.5275, LossD: 0.2928, LossG: 4.1921
Epoch: 223, Avg_Epoch_Time: 98.8773, LossD: 1.0216, LossG: 5.6891
Epoch: 224, Avg_Epoch_Time: 97.5785, LossD: 0.3030, LossG: 7.5416
Epoch: 225, Avg_Epoch_Time: 98.9378, LossD: 0.7915, LossG: 1.5386
Epoch: 226, Avg_Epoch_Time: 98.9860, LossD: 0.7152, LossG: 2.9478
Epoch: 227, Avg_Epoch_Time: 98.9198, LossD: 0.0801, LossG: 4.1578
Epoch: 228, Avg_Epoch_Time: 99.2073, LossD: 0.5049, LossG: 2.0183
Epoch: 229, Avg_Epoch_Time: 98.4758, LossD: 0.5428, LossG: 4.1699
Epoch: 230, Avg_Epoch_Time: 99.2490, LossD: 3.0450, LossG: 0.6172
Epoch: 231, Avg_Epoch_Time: 98.8331, LossD: 1.9062, LossG: 7.6247
Epoch: 232, Avg_Epoch_Time: 99.2025, LossD: 0.8326, LossG: 4.4240
Epoch: 233, Avg_Epoch_Time: 98.8478, LossD: 0.2881, LossG: 5.2382
Epoch: 234, Avg_Epoch_Time: 98.9208, LossD: 0.9232, LossG: 6.2834
Epoch: 235, Avg_Epoch_Time: 98.7183, LossD: 4.5284, LossG: 7.7669
Epoch: 236, Avg_Epoch_Time: 97.5892, LossD: 0.1832, LossG: 3.6964
Epoch: 237, Avg_Epoch_Time: 98.7681, LossD: 0.8629, LossG: 8.6640
Epoch: 238, Avg_Epoch_Time: 99.1513, LossD: 0.0546, LossG: 4.6996
Epoch: 239, Avg_Epoch_Time: 98.7820, LossD: 0.1057, LossG: 3.5313
Epoch: 240, Avg_Epoch_Time: 99.0744, LossD: 0.3256, LossG: 4.9953
Epoch: 241, Avg_Epoch_Time: 98.7904, LossD: 0.4676, LossG: 4.3555
Epoch: 242, Avg_Epoch_Time: 99.0760, LossD: 0.6156, LossG: 0.6423
Epoch: 243, Avg_Epoch_Time: 98.4287, LossD: 0.0838, LossG: 4.3319
Epoch: 244, Avg_Epoch_Time: 99.3256, LossD: 0.1958, LossG: 4.0194
Epoch: 245, Avg_Epoch_Time: 98.8584, LossD: 1.3369, LossG: 9.9264
Epoch: 246, Avg_Epoch_Time: 98.8289, LossD: 0.0687, LossG: 4.9783
Epoch: 247, Avg_Epoch_Time: 98.9751, LossD: 0.3145, LossG: 6.3823
Epoch: 248, Avg_Epoch_Time: 97.4782, LossD: 0.0944, LossG: 4.0675
Epoch: 249, Avg_Epoch_Time: 99.2319, LossD: 0.5131, LossG: 3.5957
Epoch: 250, Avg_Epoch_Time: 98.5814, LossD: 0.7197, LossG: 1.3612
Epoch: 251, Avg_Epoch_Time: 99.0636, LossD: 0.5155, LossG: 2.9138
Epoch: 252, Avg_Epoch_Time: 98.6350, LossD: 0.4839, LossG: 3.1119
Epoch: 253, Avg_Epoch_Time: 99.1793, LossD: 0.6703, LossG: 2.0536
Epoch: 254, Avg_Epoch_Time: 98.7341, LossD: 0.0924, LossG: 4.4020
Epoch: 255, Avg_Epoch_Time: 99.0438, LossD: 0.0901, LossG: 3.2021
Epoch: 256, Avg_Epoch_Time: 98.7282, LossD: 1.0697, LossG: 8.4066
Epoch: 257, Avg_Epoch_Time: 98.8364, LossD: 0.3879, LossG: 1.8375
Epoch: 258, Avg_Epoch_Time: 98.8308, LossD: 0.7965, LossG: 2.0245
Epoch: 259, Avg_Epoch_Time: 99.2720, LossD: 0.1505, LossG: 3.3449
Epoch: 260, Avg_Epoch_Time: 97.2936, LossD: 0.4721, LossG: 6.0928
Epoch: 261, Avg_Epoch_Time: 99.3314, LossD: 0.4877, LossG: 1.5950
Epoch: 262, Avg_Epoch_Time: 98.6202, LossD: 0.2641, LossG: 4.3410
Epoch: 263, Avg_Epoch_Time: 98.9151, LossD: 0.1511, LossG: 2.9708
Epoch: 264, Avg_Epoch_Time: 98.6316, LossD: 0.1082, LossG: 4.4125
Epoch: 265, Avg_Epoch_Time: 99.0573, LossD: 0.3812, LossG: 4.1622
Epoch: 266, Avg_Epoch_Time: 98.9616, LossD: 0.1981, LossG: 2.4697
Epoch: 267, Avg_Epoch_Time: 98.9477, LossD: 0.1556, LossG: 4.3045
Epoch: 268, Avg_Epoch_Time: 99.1557, LossD: 0.8445, LossG: 1.7176
Epoch: 269, Avg_Epoch_Time: 98.8957, LossD: 0.4022, LossG: 5.1920
Epoch: 270, Avg_Epoch_Time: 99.1462, LossD: 0.9269, LossG: 1.7087
Epoch: 271, Avg_Epoch_Time: 98.4595, LossD: 0.3310, LossG: 2.4968
Epoch: 272, Avg_Epoch_Time: 98.9611, LossD: 1.8872, LossG: 0.4327
Epoch: 273, Avg_Epoch_Time: 97.1798, LossD: 0.5655, LossG: 5.9663
Epoch: 274, Avg_Epoch_Time: 99.0173, LossD: 0.0679, LossG: 4.2571
Epoch: 275, Avg_Epoch_Time: 98.8034, LossD: 0.2842, LossG: 4.5590
Epoch: 276, Avg_Epoch_Time: 99.0183, LossD: 0.4051, LossG: 4.9984
Epoch: 277, Avg_Epoch_Time: 98.5926, LossD: 0.1434, LossG: 4.5877
Epoch: 278, Avg_Epoch_Time: 99.1061, LossD: 0.1958, LossG: 2.9123
Epoch: 279, Avg_Epoch_Time: 98.7425, LossD: 0.1306, LossG: 3.4975
Epoch: 280, Avg_Epoch_Time: 98.9062, LossD: 0.1194, LossG: 4.6087
Epoch: 281, Avg_Epoch_Time: 98.9078, LossD: 0.7177, LossG: 4.2329
Epoch: 282, Avg_Epoch_Time: 99.1026, LossD: 0.1551, LossG: 3.5282
Epoch: 283, Avg_Epoch_Time: 98.7426, LossD: 0.3792, LossG: 2.8788
Epoch: 284, Avg_Epoch_Time: 99.1912, LossD: 0.0997, LossG: 3.6754
Epoch: 285, Avg_Epoch_Time: 97.6615, LossD: 0.3422, LossG: 2.7450
Epoch: 286, Avg_Epoch_Time: 99.0073, LossD: 0.0649, LossG: 4.3602
Epoch: 287, Avg_Epoch_Time: 98.6551, LossD: 0.1279, LossG: 3.6821
Epoch: 288, Avg_Epoch_Time: 99.1599, LossD: 0.3739, LossG: 3.5746
Epoch: 289, Avg_Epoch_Time: 98.9217, LossD: 0.0950, LossG: 5.3806
Epoch: 290, Avg_Epoch_Time: 98.7169, LossD: 1.2345, LossG: 8.3651
Epoch: 291, Avg_Epoch_Time: 99.0160, LossD: 0.1945, LossG: 2.5934
Epoch: 292, Avg_Epoch_Time: 98.8410, LossD: 1.1741, LossG: 7.4245
Epoch: 293, Avg_Epoch_Time: 98.4858, LossD: 1.6621, LossG: 0.3089
Epoch: 294, Avg_Epoch_Time: 98.7842, LossD: 0.9238, LossG: 1.1017
Epoch: 295, Avg_Epoch_Time: 99.1240, LossD: 0.4177, LossG: 1.9066
Epoch: 296, Avg_Epoch_Time: 98.7144, LossD: 0.4203, LossG: 2.4114
Epoch: 297, Avg_Epoch_Time: 97.5246, LossD: 2.0460, LossG: 0.5579
Epoch: 298, Avg_Epoch_Time: 98.6380, LossD: 0.3709, LossG: 3.7431
Epoch: 299, Avg_Epoch_Time: 99.1061, LossD: 0.1721, LossG: 4.8947
Epoch: 300, Avg_Epoch_Time: 98.4099, LossD: 0.1151, LossG: 4.0954
